<?xml version="1.0" encoding="UTF-8"?>
<!-- Generated by org.testng.reporters.JUnitReportReporter -->
<testsuite hostname="DESKTOP-SBFP0CK" name="com.package1.Class10" tests="2" failures="0" timestamp="14 Apr 2018 10:39:02 GMT" time="32.056" errors="0">
  <testcase name="method1" time="26.536" classname="com.package1.Class10"/>
  <testcase name="method2" time="5.520" classname="com.package1.Class10"/>
</testsuite> <!-- com.package1.Class10 -->
