<?xml version="1.0" encoding="UTF-8"?>
<!-- Generated by org.testng.reporters.JUnitReportReporter -->
<testsuite hostname="DESKTOP-SBFP0CK" name="com.facebook.pages.LoginPage" tests="2" failures="0" timestamp="14 Apr 2018 08:10:08 GMT" time="38.289" errors="0">
  <testcase name="method2" time="5.091" classname="com.facebook.pages.LoginPage"/>
  <testcase name="method1" time="33.198" classname="com.facebook.pages.LoginPage"/>
</testsuite> <!-- com.facebook.pages.LoginPage -->
